==7949== Memcheck, a memory error detector
==7949== Copyright (C) 2002-2017, and GNU GPL'd, by Julian Seward et al.
==7949== Using Valgrind-3.13.0 and LibVEX; rerun with -h for copyright info
==7949== Command: ./fdf map/42.fdf
==7949== 
key ff54
key ff54
key ff53
key ff54
key ff53
key ff54
key ff54
key ff53
key ff1b
==7949== 
==7949== HEAP SUMMARY:
==7949==     in use at exit: 15,312 bytes in 79 blocks
==7949==   total heap usage: 1,146 allocs, 1,067 frees, 156,358 bytes allocated
==7949== 
==7949== 160 (32 direct, 128 indirect) bytes in 1 blocks are definitely lost in loss record 45 of 59
==7949==    at 0x4C2FB0F: malloc (in /usr/lib/valgrind/vgpreload_memcheck-amd64-linux.so)
==7949==    by 0x10DEBA: ft_calloc (in /home/user42/42/fdf/fdf)
==7949==    by 0x10A270: _new_matrix (in /home/user42/42/fdf/fdf)
==7949==    by 0x10A4D0: can_new_matrix (in /home/user42/42/fdf/fdf)
==7949==    by 0x10AE38: can_init_map_info (in /home/user42/42/fdf/fdf)
==7949==    by 0x10D33B: main (in /home/user42/42/fdf/fdf)
==7949== 
==7949== 160 (32 direct, 128 indirect) bytes in 1 blocks are definitely lost in loss record 46 of 59
==7949==    at 0x4C2FB0F: malloc (in /usr/lib/valgrind/vgpreload_memcheck-amd64-linux.so)
==7949==    by 0x10DEBA: ft_calloc (in /home/user42/42/fdf/fdf)
==7949==    by 0x10A270: _new_matrix (in /home/user42/42/fdf/fdf)
==7949==    by 0x10A4D9: can_new_matrix (in /home/user42/42/fdf/fdf)
==7949==    by 0x10AE38: can_init_map_info (in /home/user42/42/fdf/fdf)
==7949==    by 0x10D33B: main (in /home/user42/42/fdf/fdf)
==7949== 
==7949== 160 (32 direct, 128 indirect) bytes in 1 blocks are definitely lost in loss record 47 of 59
==7949==    at 0x4C2FB0F: malloc (in /usr/lib/valgrind/vgpreload_memcheck-amd64-linux.so)
==7949==    by 0x10DEBA: ft_calloc (in /home/user42/42/fdf/fdf)
==7949==    by 0x10A270: _new_matrix (in /home/user42/42/fdf/fdf)
==7949==    by 0x10A4E2: can_new_matrix (in /home/user42/42/fdf/fdf)
==7949==    by 0x10AE38: can_init_map_info (in /home/user42/42/fdf/fdf)
==7949==    by 0x10D33B: main (in /home/user42/42/fdf/fdf)
==7949== 
==7949== 160 (32 direct, 128 indirect) bytes in 1 blocks are definitely lost in loss record 48 of 59
==7949==    at 0x4C2FB0F: malloc (in /usr/lib/valgrind/vgpreload_memcheck-amd64-linux.so)
==7949==    by 0x10DEBA: ft_calloc (in /home/user42/42/fdf/fdf)
==7949==    by 0x10A270: _new_matrix (in /home/user42/42/fdf/fdf)
==7949==    by 0x10A4EB: can_new_matrix (in /home/user42/42/fdf/fdf)
==7949==    by 0x10AE38: can_init_map_info (in /home/user42/42/fdf/fdf)
==7949==    by 0x10D33B: main (in /home/user42/42/fdf/fdf)
==7949== 
==7949== 160 (32 direct, 128 indirect) bytes in 1 blocks are definitely lost in loss record 49 of 59
==7949==    at 0x4C2FB0F: malloc (in /usr/lib/valgrind/vgpreload_memcheck-amd64-linux.so)
==7949==    by 0x10DEBA: ft_calloc (in /home/user42/42/fdf/fdf)
==7949==    by 0x10A270: _new_matrix (in /home/user42/42/fdf/fdf)
==7949==    by 0x10A4F4: can_new_matrix (in /home/user42/42/fdf/fdf)
==7949==    by 0x10AE38: can_init_map_info (in /home/user42/42/fdf/fdf)
==7949==    by 0x10D33B: main (in /home/user42/42/fdf/fdf)
==7949== 
==7949== 160 (32 direct, 128 indirect) bytes in 1 blocks are definitely lost in loss record 50 of 59
==7949==    at 0x4C2FB0F: malloc (in /usr/lib/valgrind/vgpreload_memcheck-amd64-linux.so)
==7949==    by 0x10DEBA: ft_calloc (in /home/user42/42/fdf/fdf)
==7949==    by 0x10A270: _new_matrix (in /home/user42/42/fdf/fdf)
==7949==    by 0x10A4FD: can_new_matrix (in /home/user42/42/fdf/fdf)
==7949==    by 0x10AE38: can_init_map_info (in /home/user42/42/fdf/fdf)
==7949==    by 0x10D33B: main (in /home/user42/42/fdf/fdf)
==7949== 
==7949== 160 (32 direct, 128 indirect) bytes in 1 blocks are definitely lost in loss record 51 of 59
==7949==    at 0x4C2FB0F: malloc (in /usr/lib/valgrind/vgpreload_memcheck-amd64-linux.so)
==7949==    by 0x10DEBA: ft_calloc (in /home/user42/42/fdf/fdf)
==7949==    by 0x10A270: _new_matrix (in /home/user42/42/fdf/fdf)
==7949==    by 0x10A506: can_new_matrix (in /home/user42/42/fdf/fdf)
==7949==    by 0x10AE38: can_init_map_info (in /home/user42/42/fdf/fdf)
==7949==    by 0x10D33B: main (in /home/user42/42/fdf/fdf)
==7949== 
==7949== 160 (32 direct, 128 indirect) bytes in 1 blocks are definitely lost in loss record 52 of 59
==7949==    at 0x4C2FB0F: malloc (in /usr/lib/valgrind/vgpreload_memcheck-amd64-linux.so)
==7949==    by 0x10DEBA: ft_calloc (in /home/user42/42/fdf/fdf)
==7949==    by 0x10A270: _new_matrix (in /home/user42/42/fdf/fdf)
==7949==    by 0x10A50F: can_new_matrix (in /home/user42/42/fdf/fdf)
==7949==    by 0x10AE38: can_init_map_info (in /home/user42/42/fdf/fdf)
==7949==    by 0x10D33B: main (in /home/user42/42/fdf/fdf)
==7949== 
==7949== 160 (32 direct, 128 indirect) bytes in 1 blocks are definitely lost in loss record 53 of 59
==7949==    at 0x4C2FB0F: malloc (in /usr/lib/valgrind/vgpreload_memcheck-amd64-linux.so)
==7949==    by 0x10DEBA: ft_calloc (in /home/user42/42/fdf/fdf)
==7949==    by 0x10A270: _new_matrix (in /home/user42/42/fdf/fdf)
==7949==    by 0x10A518: can_new_matrix (in /home/user42/42/fdf/fdf)
==7949==    by 0x10AE38: can_init_map_info (in /home/user42/42/fdf/fdf)
==7949==    by 0x10D33B: main (in /home/user42/42/fdf/fdf)
==7949== 
==7949== 160 (32 direct, 128 indirect) bytes in 1 blocks are definitely lost in loss record 54 of 59
==7949==    at 0x4C2FB0F: malloc (in /usr/lib/valgrind/vgpreload_memcheck-amd64-linux.so)
==7949==    by 0x10DEBA: ft_calloc (in /home/user42/42/fdf/fdf)
==7949==    by 0x10A270: _new_matrix (in /home/user42/42/fdf/fdf)
==7949==    by 0x10A521: can_new_matrix (in /home/user42/42/fdf/fdf)
==7949==    by 0x10AE38: can_init_map_info (in /home/user42/42/fdf/fdf)
==7949==    by 0x10D33B: main (in /home/user42/42/fdf/fdf)
==7949== 
==7949== 160 (32 direct, 128 indirect) bytes in 1 blocks are definitely lost in loss record 55 of 59
==7949==    at 0x4C2FB0F: malloc (in /usr/lib/valgrind/vgpreload_memcheck-amd64-linux.so)
==7949==    by 0x10DEBA: ft_calloc (in /home/user42/42/fdf/fdf)
==7949==    by 0x10A270: _new_matrix (in /home/user42/42/fdf/fdf)
==7949==    by 0x10A52A: can_new_matrix (in /home/user42/42/fdf/fdf)
==7949==    by 0x10AE38: can_init_map_info (in /home/user42/42/fdf/fdf)
==7949==    by 0x10D33B: main (in /home/user42/42/fdf/fdf)
==7949== 
==7949== 6,776 (88 direct, 6,688 indirect) bytes in 1 blocks are definitely lost in loss record 58 of 59
==7949==    at 0x4C2FB0F: malloc (in /usr/lib/valgrind/vgpreload_memcheck-amd64-linux.so)
==7949==    by 0x10DEBA: ft_calloc (in /home/user42/42/fdf/fdf)
==7949==    by 0x10B4EB: create_points (in /home/user42/42/fdf/fdf)
==7949==    by 0x10A91F: can_read_map (in /home/user42/42/fdf/fdf)
==7949==    by 0x10D31B: main (in /home/user42/42/fdf/fdf)
==7949== 
==7949== 6,776 (88 direct, 6,688 indirect) bytes in 1 blocks are definitely lost in loss record 59 of 59
==7949==    at 0x4C2FB0F: malloc (in /usr/lib/valgrind/vgpreload_memcheck-amd64-linux.so)
==7949==    by 0x10DEBA: ft_calloc (in /home/user42/42/fdf/fdf)
==7949==    by 0x10B4EB: create_points (in /home/user42/42/fdf/fdf)
==7949==    by 0x10A951: can_read_map (in /home/user42/42/fdf/fdf)
==7949==    by 0x10D31B: main (in /home/user42/42/fdf/fdf)
==7949== 
==7949== LEAK SUMMARY:
==7949==    definitely lost: 528 bytes in 13 blocks
==7949==    indirectly lost: 14,784 bytes in 66 blocks
==7949==      possibly lost: 0 bytes in 0 blocks
==7949==    still reachable: 0 bytes in 0 blocks
==7949==         suppressed: 0 bytes in 0 blocks
==7949== 
==7949== For counts of detected and suppressed errors, rerun with: -v
==7949== ERROR SUMMARY: 13 errors from 13 contexts (suppressed: 1 from 1)
